#
# A fatal error has been detected by the Java Runtime Environment:
#
#  EXCEPTION_ACCESS_VIOLATION (0xc0000005) at pc=0x00000001800051c0, pid=2208, tid=3996
#
# JRE version: Java(TM) SE Runtime Environment (8.0_66-b18) (build 1.8.0_66-b18)
# Java VM: Java HotSpot(TM) 64-Bit Server VM (25.66-b18 mixed mode windows-amd64 compressed oops)
# Problematic frame:
# C  [rxtxSerial.dll+0x51c0]
#
# Failed to write core dump. Minidumps are not enabled by default on client versions of Windows
#
# If you would like to submit a bug report, please visit:
#   http://bugreport.java.com/bugreport/crash.jsp
# The crash happened outside the Java Virtual Machine in native code.
# See problematic frame for where to report the bug.
#

---------------  T H R E A D  ---------------

Current thread (0x000000001c46b800):  JavaThread "Thread-3" [_thread_in_native, id=3996, stack(0x000000001e770000,0x000000001e870000)]

siginfo: ExceptionCode=0xc0000005, writing address 0x000000001e76ed68

Registers:
RAX=0x0000000000000001, RBX=0x0000000000000000, RCX=0x6ce0cb02b5dd0000, RDX=0x0000000000000000
RSP=0x000000001e86f440, RBP=0x000000001c46b9f8, RSI=0x0000000000000008, RDI=0x0000000000000001
R8 =0x000000001e86f148, R9 =0x000000001e86f200, R10=0x0000000000000000, R11=0x0000000000000001
R12=0x000000001e76ed60, R13=0x0000000081be6d78, R14=0x0000000000000001, R15=0x000000000000000a
RIP=0x00000001800051c0, EFLAGS=0x0000000000010246

Top of Stack: (sp=0x000000001e86f440)
0x000000001e86f440:   0000000000000001 0000000000000000
0x000000001e86f450:   0000000000000000 000000001c46b9f8
0x000000001e86f460:   055d3d9f1a6b4938 0000000000000001
0x000000001e86f470:   0000000000000000 000000001c46b800
0x000000001e86f480:   000000001c46b800 000000006e69a623
0x000000001e86f490:   00000000fffffffd 00000000198aecd0
0x000000001e86f4a0:   0000000000000000 000000001e86f6b8
0x000000001e86f4b0:   00006ce0d584419d 000000000000000a
0x000000001e86f4c0:   000000001c46b800 000000001e86f5d0
0x000000001e86f4d0:   0000000081be6d78 0000000000000000
0x000000001e86f4e0:   00000000e21f8168 00000000e21f8100
0x000000001e86f4f0:   000000001e86f560 000000000285e2f9
0x000000001e86f500:   000000001e86f500 0000000000000000
0x000000001e86f510:   000000001e86f5c8 000000001c46b9f8
0x000000001e86f520:   0000000081be6cc0 000000001c46b800
0x000000001e86f530:   000000001e86f601 000000001cc85770 

Instructions: (pc=0x00000001800051c0)
0x00000001800051a0:   00 85 c0 0f 88 93 00 00 00 74 06 03 f8 2b d8 eb
0x00000001800051b0:   0a b9 e8 03 00 00 e8 55 0f 00 00 83 ff 01 7c b0
0x00000001800051c0:   45 89 74 24 08 85 ff 0f 89 cc 00 00 00 e8 aa 55
0x00000001800051d0:   00 00 8b 08 e8 bf 54 00 00 4c 8b 45 00 48 8d 15 


Register to memory mapping:

RAX=0x0000000000000001 is an unknown value
RBX=0x0000000000000000 is an unknown value
RCX=0x6ce0cb02b5dd0000 is an unknown value
RDX=0x0000000000000000 is an unknown value
RSP=0x000000001e86f440 is pointing into the stack for thread: 0x000000001c46b800
RBP=0x000000001c46b9f8 is an unknown value
RSI=0x0000000000000008 is an unknown value
RDI=0x0000000000000001 is an unknown value
R8 =0x000000001e86f148 is pointing into the stack for thread: 0x000000001c46b800
R9 =0x000000001e86f200 is pointing into the stack for thread: 0x000000001c46b800
R10=0x0000000000000000 is an unknown value
R11=0x0000000000000001 is an unknown value
R12=0x000000001e76ed60 is an unknown value
R13=0x0000000081be6d78 is an oop
gnu.io.RXTXPort$SerialInputStream 
 - klass: 'gnu/io/RXTXPort$SerialInputStream'
R14=0x0000000000000001 is an unknown value
R15=0x000000000000000a is an unknown value


Stack: [0x000000001e770000,0x000000001e870000],  sp=0x000000001e86f440,  free space=1021k
Native frames: (J=compiled Java code, j=interpreted, Vv=VM code, C=native code)
C  [rxtxSerial.dll+0x51c0]
C  0x000000000285e2f9

Java frames: (J=compiled Java code, j=interpreted, Vv=VM code)
J 1158  gnu.io.RXTXPort.readByte()I (0 bytes) @ 0x000000000285e27b [0x000000000285e240+0x3b]
J 2560 C2 gnu.io.RXTXPort$SerialInputStream.read()I (167 bytes) @ 0x0000000002c02c24 [0x0000000002c02b00+0x124]
J 4405 C2 com.digi.xbee.api.packet.XBeePacketParser.parsePacket(Ljava/io/InputStream;Lcom/digi/xbee/api/models/OperatingMode;)Lcom/digi/xbee/api/packet/XBeePacket; (209 bytes) @ 0x0000000002ea8ccc [0x0000000002ea87c0+0x50c]
j  com.digi.xbee.api.connection.DataReader.run()V+179
v  ~StubRoutines::call_stub

---------------  P R O C E S S  ---------------

Java Threads: ( => current thread )
  0x000000001d107800 JavaThread "pool-14064-thread-1" [_thread_blocked, id=8980, stack(0x0000000056a70000,0x0000000056b70000)]
  0x000000001d104800 JavaThread "pool-14062-thread-1" [_thread_blocked, id=10328, stack(0x0000000056970000,0x0000000056a70000)]
  0x000000001d105800 JavaThread "pool-14060-thread-1" [_thread_blocked, id=3148, stack(0x0000000056870000,0x0000000056970000)]
  0x000000001d107000 JavaThread "pool-14058-thread-1" [_thread_blocked, id=7592, stack(0x0000000056770000,0x0000000056870000)]
  0x000000001d103000 JavaThread "pool-14056-thread-1" [_thread_blocked, id=7548, stack(0x0000000056670000,0x0000000056770000)]
  0x000000001d104000 JavaThread "pool-14054-thread-1" [_thread_blocked, id=10856, stack(0x0000000056570000,0x0000000056670000)]
  0x000000001d106000 JavaThread "pool-14052-thread-1" [_thread_blocked, id=6348, stack(0x0000000056470000,0x0000000056570000)]
  0x000000001d102800 JavaThread "pool-14050-thread-1" [_thread_blocked, id=1684, stack(0x0000000056370000,0x0000000056470000)]
  0x000000001d0fa000 JavaThread "pool-14048-thread-1" [_thread_blocked, id=1828, stack(0x0000000056270000,0x0000000056370000)]
  0x000000001d101000 JavaThread "pool-14046-thread-1" [_thread_blocked, id=12864, stack(0x0000000056170000,0x0000000056270000)]
  0x000000001d0f9800 JavaThread "pool-14044-thread-1" [_thread_blocked, id=5072, stack(0x0000000056070000,0x0000000056170000)]
  0x000000001d0ff800 JavaThread "pool-14042-thread-1" [_thread_blocked, id=11696, stack(0x0000000055f70000,0x0000000056070000)]
  0x000000001d0fe000 JavaThread "pool-14040-thread-1" [_thread_blocked, id=11800, stack(0x0000000055e70000,0x0000000055f70000)]
  0x000000001d0fc800 JavaThread "pool-14038-thread-1" [_thread_blocked, id=6052, stack(0x0000000055d70000,0x0000000055e70000)]
  0x000000001d0fe800 JavaThread "pool-14036-thread-1" [_thread_blocked, id=13812, stack(0x0000000055c70000,0x0000000055d70000)]
  0x000000001d0fb800 JavaThread "pool-14034-thread-1" [_thread_blocked, id=7868, stack(0x0000000055b70000,0x0000000055c70000)]
  0x000000001d100000 JavaThread "pool-14032-thread-1" [_thread_blocked, id=9984, stack(0x0000000055a70000,0x0000000055b70000)]
  0x000000001d0fb000 JavaThread "pool-14030-thread-1" [_thread_blocked, id=10888, stack(0x0000000055970000,0x0000000055a70000)]
  0x000000001d0fd000 JavaThread "pool-14028-thread-1" [_thread_blocked, id=10648, stack(0x0000000055870000,0x0000000055970000)]
  0x000000001d2ee000 JavaThread "pool-14026-thread-1" [_thread_blocked, id=9660, stack(0x0000000055770000,0x0000000055870000)]
  0x000000001d2f3800 JavaThread "pool-14024-thread-1" [_thread_blocked, id=3580, stack(0x0000000055670000,0x0000000055770000)]
  0x000000001d2f5000 JavaThread "pool-14022-thread-1" [_thread_blocked, id=11980, stack(0x0000000055570000,0x0000000055670000)]
  0x000000001d2f2000 JavaThread "pool-14020-thread-1" [_thread_blocked, id=588, stack(0x0000000055470000,0x0000000055570000)]
  0x000000001d2f1000 JavaThread "pool-14018-thread-1" [_thread_blocked, id=14580, stack(0x0000000055370000,0x0000000055470000)]
  0x000000001d2f0800 JavaThread "pool-14016-thread-1" [_thread_blocked, id=11132, stack(0x0000000055270000,0x0000000055370000)]
  0x000000001d2eb000 JavaThread "pool-14014-thread-1" [_thread_blocked, id=10660, stack(0x0000000055170000,0x0000000055270000)]
  0x000000001c5ef800 JavaThread "pool-14012-thread-1" [_thread_blocked, id=11084, stack(0x0000000055070000,0x0000000055170000)]
  0x000000001c5ee800 JavaThread "pool-14010-thread-1" [_thread_blocked, id=9264, stack(0x0000000054f70000,0x0000000055070000)]
  0x000000001c5ee000 JavaThread "pool-14008-thread-1" [_thread_blocked, id=6868, stack(0x0000000054e70000,0x0000000054f70000)]
  0x000000001c5ed000 JavaThread "pool-14006-thread-1" [_thread_blocked, id=2940, stack(0x0000000054d70000,0x0000000054e70000)]
  0x000000001c5ec800 JavaThread "pool-14004-thread-1" [_thread_blocked, id=3152, stack(0x0000000054c70000,0x0000000054d70000)]
  0x000000001c5eb800 JavaThread "pool-14002-thread-1" [_thread_blocked, id=12588, stack(0x0000000054b70000,0x0000000054c70000)]
  0x000000001c5eb000 JavaThread "pool-14000-thread-1" [_thread_blocked, id=13036, stack(0x0000000054a70000,0x0000000054b70000)]
  0x000000001c5e3800 JavaThread "pool-13998-thread-1" [_thread_blocked, id=4172, stack(0x0000000054970000,0x0000000054a70000)]
  0x000000001c5e2000 JavaThread "pool-13996-thread-1" [_thread_blocked, id=11828, stack(0x0000000054870000,0x0000000054970000)]
  0x000000001c5e1000 JavaThread "pool-13994-thread-1" [_thread_blocked, id=13932, stack(0x0000000054770000,0x0000000054870000)]
  0x000000001c5e5800 JavaThread "pool-13992-thread-1" [_thread_blocked, id=10024, stack(0x0000000054670000,0x0000000054770000)]
  0x000000001c5e4000 JavaThread "pool-13990-thread-1" [_thread_blocked, id=12984, stack(0x0000000054570000,0x0000000054670000)]
  0x000000001c5e7000 JavaThread "pool-13988-thread-1" [_thread_blocked, id=13132, stack(0x0000000054470000,0x0000000054570000)]
  0x000000001c5ea000 JavaThread "pool-13986-thread-1" [_thread_blocked, id=3696, stack(0x0000000054370000,0x0000000054470000)]
  0x000000001c5e2800 JavaThread "pool-13984-thread-1" [_thread_blocked, id=2252, stack(0x0000000054270000,0x0000000054370000)]
  0x000000001c5e9800 JavaThread "pool-13982-thread-1" [_thread_blocked, id=824, stack(0x0000000054170000,0x0000000054270000)]
  0x000000001c5e5000 JavaThread "pool-13980-thread-1" [_thread_blocked, id=5396, stack(0x0000000054070000,0x0000000054170000)]
  0x000000001c5e8800 JavaThread "pool-13978-thread-1" [_thread_blocked, id=2596, stack(0x0000000053f70000,0x0000000054070000)]
  0x000000001c5e6800 JavaThread "pool-13976-thread-1" [_thread_blocked, id=13748, stack(0x0000000053e70000,0x0000000053f70000)]
  0x000000001c5e8000 JavaThread "pool-13974-thread-1" [_thread_blocked, id=6208, stack(0x0000000053d70000,0x0000000053e70000)]
  0x000000001c5e0800 JavaThread "pool-13972-thread-1" [_thread_blocked, id=2788, stack(0x0000000053c70000,0x0000000053d70000)]
  0x000000001c7e8800 JavaThread "pool-13970-thread-1" [_thread_blocked, id=12172, stack(0x0000000053b70000,0x0000000053c70000)]
  0x000000001c7e7800 JavaThread "pool-13968-thread-1" [_thread_blocked, id=12796, stack(0x0000000053a70000,0x0000000053b70000)]
  0x000000001c7e6000 JavaThread "pool-13966-thread-1" [_thread_blocked, id=13212, stack(0x0000000053970000,0x0000000053a70000)]
  0x000000001c7db800 JavaThread "pool-13964-thread-1" [_thread_blocked, id=14820, stack(0x0000000053870000,0x0000000053970000)]
  0x000000001c7db000 JavaThread "pool-13962-thread-1" [_thread_blocked, id=9436, stack(0x0000000053770000,0x0000000053870000)]
  0x000000001c7de000 JavaThread "pool-13960-thread-1" [_thread_blocked, id=7676, stack(0x0000000053670000,0x0000000053770000)]
  0x000000001c7dc800 JavaThread "pool-13958-thread-1" [_thread_blocked, id=8736, stack(0x0000000053570000,0x0000000053670000)]
  0x000000001c7e1800 JavaThread "pool-13956-thread-1" [_thread_blocked, id=3288, stack(0x0000000053470000,0x0000000053570000)]
  0x000000001c7e1000 JavaThread "pool-13954-thread-1" [_thread_blocked, id=9856, stack(0x0000000053370000,0x0000000053470000)]
  0x000000001c7e0000 JavaThread "pool-13952-thread-1" [_thread_blocked, id=13608, stack(0x0000000053270000,0x0000000053370000)]
  0x000000001c7dd000 JavaThread "pool-13950-thread-1" [_thread_blocked, id=4304, stack(0x0000000053170000,0x0000000053270000)]
  0x000000001c7da000 JavaThread "pool-13948-thread-1" [_thread_blocked, id=14368, stack(0x0000000053070000,0x0000000053170000)]
  0x000000001c7df800 JavaThread "pool-13946-thread-1" [_thread_blocked, id=9676, stack(0x0000000052f70000,0x0000000053070000)]
  0x000000001c7de800 JavaThread "pool-13944-thread-1" [_thread_blocked, id=9520, stack(0x0000000052e70000,0x0000000052f70000)]
  0x000000001c861000 JavaThread "pool-13942-thread-1" [_thread_blocked, id=12652, stack(0x0000000052d70000,0x0000000052e70000)]
  0x000000001c860800 JavaThread "pool-13940-thread-1" [_thread_blocked, id=636, stack(0x0000000052c70000,0x0000000052d70000)]
  0x000000001c85f800 JavaThread "pool-13938-thread-1" [_thread_blocked, id=14016, stack(0x0000000052b70000,0x0000000052c70000)]
  0x000000001c858000 JavaThread "pool-13936-thread-1" [_thread_blocked, id=8120, stack(0x0000000052a70000,0x0000000052b70000)]
  0x000000001c85f000 JavaThread "pool-13934-thread-1" [_thread_blocked, id=11872, stack(0x0000000052970000,0x0000000052a70000)]
  0x000000001c85e000 JavaThread "pool-13932-thread-1" [_thread_blocked, id=9148, stack(0x0000000052870000,0x0000000052970000)]
  0x000000001c85d800 JavaThread "pool-13930-thread-1" [_thread_blocked, id=14328, stack(0x0000000052770000,0x0000000052870000)]
  0x000000001c85c800 JavaThread "pool-13928-thread-1" [_thread_blocked, id=13612, stack(0x0000000052670000,0x0000000052770000)]
  0x000000001c855800 JavaThread "pool-13926-thread-1" [_thread_blocked, id=1912, stack(0x0000000052570000,0x0000000052670000)]
  0x000000001c85c000 JavaThread "pool-13924-thread-1" [_thread_blocked, id=9480, stack(0x0000000052470000,0x0000000052570000)]
  0x000000001c85b000 JavaThread "pool-13922-thread-1" [_thread_blocked, id=832, stack(0x0000000052370000,0x0000000052470000)]
  0x000000001c85a000 JavaThread "pool-13920-thread-1" [_thread_blocked, id=7560, stack(0x0000000052270000,0x0000000052370000)]
  0x000000001c859800 JavaThread "pool-13918-thread-1" [_thread_blocked, id=13012, stack(0x0000000052170000,0x0000000052270000)]
  0x000000001c852000 JavaThread "pool-13916-thread-1" [_thread_blocked, id=4100, stack(0x0000000052070000,0x0000000052170000)]
  0x000000001c855000 JavaThread "pool-13914-thread-1" [_thread_blocked, id=8932, stack(0x0000000051f70000,0x0000000052070000)]
  0x000000001c854000 JavaThread "pool-13912-thread-1" [_thread_blocked, id=3720, stack(0x0000000051e70000,0x0000000051f70000)]
  0x000000001c857000 JavaThread "pool-13910-thread-1" [_thread_blocked, id=7348, stack(0x0000000051d70000,0x0000000051e70000)]
  0x000000001c853800 JavaThread "pool-13908-thread-1" [_thread_blocked, id=3752, stack(0x0000000051c70000,0x0000000051d70000)]
  0x000000001c858800 JavaThread "pool-13906-thread-1" [_thread_blocked, id=14060, stack(0x0000000051b70000,0x0000000051c70000)]
  0x000000001c856800 JavaThread "pool-13904-thread-1" [_thread_blocked, id=3712, stack(0x0000000051a70000,0x0000000051b70000)]
  0x000000001c852800 JavaThread "pool-13902-thread-1" [_thread_blocked, id=14504, stack(0x0000000051970000,0x0000000051a70000)]
  0x000000001c7e7000 JavaThread "pool-13900-thread-1" [_thread_blocked, id=14712, stack(0x0000000051870000,0x0000000051970000)]
  0x000000001c7e5800 JavaThread "pool-13898-thread-1" [_thread_blocked, id=11668, stack(0x0000000051770000,0x0000000051870000)]
  0x000000001c7e9000 JavaThread "pool-13896-thread-1" [_thread_blocked, id=4332, stack(0x0000000051670000,0x0000000051770000)]
  0x000000001c7e4800 JavaThread "pool-13894-thread-1" [_thread_blocked, id=6040, stack(0x0000000051570000,0x0000000051670000)]
  0x000000001c7e4000 JavaThread "pool-13892-thread-1" [_thread_blocked, id=12400, stack(0x0000000051470000,0x0000000051570000)]
  0x000000001c7e2800 JavaThread "pool-13890-thread-1" [_thread_blocked, id=9236, stack(0x0000000051370000,0x0000000051470000)]
  0x000000001c7e3000 JavaThread "pool-13888-thread-1" [_thread_blocked, id=9728, stack(0x0000000051270000,0x0000000051370000)]
  0x000000001cd2f000 JavaThread "pool-13886-thread-1" [_thread_blocked, id=10860, stack(0x0000000051170000,0x0000000051270000)]
  0x000000001cd2e000 JavaThread "pool-13884-thread-1" [_thread_blocked, id=6464, stack(0x0000000051070000,0x0000000051170000)]
  0x000000001cd30000 JavaThread "pool-13882-thread-1" [_thread_blocked, id=11976, stack(0x0000000050f70000,0x0000000051070000)]
  0x000000001cd2d800 JavaThread "pool-13880-thread-1" [_thread_blocked, id=6012, stack(0x0000000050e70000,0x0000000050f70000)]
  0x000000001cd2c800 JavaThread "pool-13878-thread-1" [_thread_blocked, id=12832, stack(0x0000000050d70000,0x0000000050e70000)]
  0x000000001cd2c000 JavaThread "pool-13876-thread-1" [_thread_blocked, id=12496, stack(0x0000000050c70000,0x0000000050d70000)]
  0x000000001cd23800 JavaThread "pool-13874-thread-1" [_thread_blocked, id=10944, stack(0x0000000050b70000,0x0000000050c70000)]
  0x000000001cd29800 JavaThread "pool-13872-thread-1" [_thread_blocked, id=14132, stack(0x0000000050a70000,0x0000000050b70000)]
  0x000000001cd2b000 JavaThread "pool-13870-thread-1" [_thread_blocked, id=14348, stack(0x0000000050970000,0x0000000050a70000)]
  0x000000001cd22000 JavaThread "pool-13868-thread-1" [_thread_blocked, id=5172, stack(0x0000000050870000,0x0000000050970000)]
  0x000000001cd29000 JavaThread "pool-13866-thread-1" [_thread_blocked, id=4876, stack(0x0000000050770000,0x0000000050870000)]
  0x000000001cd28000 JavaThread "pool-13864-thread-1" [_thread_blocked, id=1292, stack(0x0000000050670000,0x0000000050770000)]
  0x000000001cd25000 JavaThread "pool-13862-thread-1" [_thread_blocked, id=3632, stack(0x0000000050570000,0x0000000050670000)]
  0x000000001cd24800 JavaThread "pool-13860-thread-1" [_thread_blocked, id=1808, stack(0x0000000050470000,0x0000000050570000)]
  0x000000001cd23000 JavaThread "pool-13858-thread-1" [_thread_blocked, id=9772, stack(0x0000000050370000,0x0000000050470000)]
  0x000000001cd20800 JavaThread "pool-13856-thread-1" [_thread_blocked, id=10344, stack(0x0000000050270000,0x0000000050370000)]
  0x000000001cd27800 JavaThread "pool-13854-thread-1" [_thread_blocked, id=2240, stack(0x0000000050170000,0x0000000050270000)]
  0x000000001cd21800 JavaThread "pool-13852-thread-1" [_thread_blocked, id=8300, stack(0x0000000050070000,0x0000000050170000)]
  0x000000001cd26000 JavaThread "pool-13850-thread-1" [_thread_blocked, id=1180, stack(0x000000004ff70000,0x0000000050070000)]
  0x000000001cd26800 JavaThread "pool-13848-thread-1" [_thread_blocked, id=12204, stack(0x000000004fe70000,0x000000004ff70000)]
  0x000000001a74b000 JavaThread "pool-13846-thread-1" [_thread_blocked, id=14996, stack(0x000000004fd70000,0x000000004fe70000)]
  0x000000001a74c800 JavaThread "pool-13844-thread-1" [_thread_blocked, id=516, stack(0x000000004fc70000,0x000000004fd70000)]
  0x000000001a74a000 JavaThread "pool-13842-thread-1" [_thread_blocked, id=6732, stack(0x000000004fb70000,0x000000004fc70000)]
  0x000000001a749800 JavaThread "pool-13840-thread-1" [_thread_blocked, id=10608, stack(0x000000004fa70000,0x000000004fb70000)]
  0x000000001a748800 JavaThread "pool-13838-thread-1" [_thread_blocked, id=8804, stack(0x000000004f970000,0x000000004fa70000)]
  0x000000001a748000 JavaThread "pool-13836-thread-1" [_thread_blocked, id=11284, stack(0x000000004f870000,0x000000004f970000)]
  0x000000001a74b800 JavaThread "pool-13834-thread-1" [_thread_blocked, id=10920, stack(0x000000004f770000,0x000000004f870000)]
  0x000000001a740800 JavaThread "pool-13832-thread-1" [_thread_blocked, id=14448, stack(0x000000004f670000,0x000000004f770000)]
  0x000000001a747000 JavaThread "pool-13830-thread-1" [_thread_blocked, id=15104, stack(0x000000004f570000,0x000000004f670000)]
  0x000000001a73f800 JavaThread "pool-13828-thread-1" [_thread_blocked, id=11448, stack(0x000000004f470000,0x000000004f570000)]
  0x000000001a746800 JavaThread "pool-13826-thread-1" [_thread_blocked, id=652, stack(0x000000004f370000,0x000000004f470000)]
  0x000000001a743800 JavaThread "pool-13824-thread-1" [_thread_blocked, id=744, stack(0x000000004f270000,0x000000004f370000)]
  0x000000001a742800 JavaThread "pool-13822-thread-1" [_thread_blocked, id=1892, stack(0x000000004f170000,0x000000004f270000)]
  0x000000001a745800 JavaThread "pool-13820-thread-1" [_thread_blocked, id=14484, stack(0x000000004f070000,0x000000004f170000)]
  0x000000001a742000 JavaThread "pool-13818-thread-1" [_thread_blocked, id=11960, stack(0x000000004ef70000,0x000000004f070000)]
  0x000000001a741000 JavaThread "pool-13816-thread-1" [_thread_blocked, id=10728, stack(0x000000004ee70000,0x000000004ef70000)]
  0x000000001a73e000 JavaThread "pool-13814-thread-1" [_thread_blocked, id=14472, stack(0x000000004ed70000,0x000000004ee70000)]
  0x000000001a745000 JavaThread "pool-13812-thread-1" [_thread_blocked, id=784, stack(0x000000004ec70000,0x000000004ed70000)]
  0x000000001a73d800 JavaThread "pool-13810-thread-1" [_thread_blocked, id=4556, stack(0x000000004eb70000,0x000000004ec70000)]
  0x000000001a73f000 JavaThread "pool-13808-thread-1" [_thread_blocked, id=12928, stack(0x000000004ea70000,0x000000004eb70000)]
  0x000000001a744000 JavaThread "pool-13806-thread-1" [_thread_blocked, id=14836, stack(0x000000004e970000,0x000000004ea70000)]
  0x000000001d2ec800 JavaThread "pool-13606-thread-1" [_thread_in_Java, id=13780, stack(0x0000000048570000,0x0000000048670000)]
  0x000000001d2f2800 JavaThread "pool-13604-thread-1" [_thread_blocked, id=5356, stack(0x0000000048470000,0x0000000048570000)]
  0x000000001d2ec000 JavaThread "pool-13602-thread-1" [_thread_blocked, id=2052, stack(0x0000000048370000,0x0000000048470000)]
  0x000000001d101800 JavaThread "pool-13600-thread-1" [_thread_blocked, id=13864, stack(0x0000000048270000,0x0000000048370000)]
  0x000000001d108800 JavaThread "pool-13598-thread-1" [_thread_blocked, id=12380, stack(0x0000000048170000,0x0000000048270000)]
=>0x000000001c46b800 JavaThread "Thread-3" [_thread_in_native, id=3996, stack(0x000000001e770000,0x000000001e870000)]
  0x000000001960b000 JavaThread "TimerQueue" daemon [_thread_blocked, id=9592, stack(0x000000001e570000,0x000000001e670000)]
  0x0000000002352800 JavaThread "DestroyJavaVM" [_thread_blocked, id=2308, stack(0x0000000002190000,0x0000000002290000)]
  0x000000001a319000 JavaThread "AWT-EventQueue-0" [_thread_blocked, id=12536, stack(0x000000001b690000,0x000000001b790000)]
  0x000000001a1d3000 JavaThread "AWT-Windows" daemon [_thread_in_native, id=6376, stack(0x000000001ab90000,0x000000001ac90000)]
  0x000000001a241800 JavaThread "AWT-Shutdown" [_thread_blocked, id=14872, stack(0x000000001aa90000,0x000000001ab90000)]
  0x000000001a241000 JavaThread "Java2D Disposer" daemon [_thread_blocked, id=13572, stack(0x000000001a990000,0x000000001aa90000)]
  0x0000000019580000 JavaThread "Service Thread" daemon [_thread_blocked, id=9692, stack(0x0000000019eb0000,0x0000000019fb0000)]
  0x00000000194e9800 JavaThread "C1 CompilerThread3" daemon [_thread_blocked, id=14200, stack(0x0000000019db0000,0x0000000019eb0000)]
  0x00000000194e8800 JavaThread "C2 CompilerThread2" daemon [_thread_blocked, id=6860, stack(0x0000000019cb0000,0x0000000019db0000)]
  0x00000000194df000 JavaThread "C2 CompilerThread1" daemon [_thread_blocked, id=12596, stack(0x0000000019bb0000,0x0000000019cb0000)]
  0x00000000194d8000 JavaThread "C2 CompilerThread0" daemon [_thread_blocked, id=3796, stack(0x0000000019ab0000,0x0000000019bb0000)]
  0x00000000194d5000 JavaThread "Attach Listener" daemon [_thread_blocked, id=13328, stack(0x00000000199b0000,0x0000000019ab0000)]
  0x00000000194d4000 JavaThread "Signal Dispatcher" daemon [_thread_blocked, id=6820, stack(0x00000000198b0000,0x00000000199b0000)]
  0x000000000244b000 JavaThread "Finalizer" daemon [_thread_blocked, id=1680, stack(0x00000000192d0000,0x00000000193d0000)]
  0x0000000002442000 JavaThread "Reference Handler" daemon [_thread_blocked, id=10168, stack(0x00000000191d0000,0x00000000192d0000)]

Other Threads:
  0x0000000017409000 VMThread [stack: 0x00000000190d0000,0x00000000191d0000] [id=13916]
  0x000000001958a800 WatcherThread [stack: 0x0000000019fb0000,0x000000001a0b0000] [id=644]

VM state:not at safepoint (normal execution)

VM Mutex/Monitor currently owned by a thread: None

Heap:
 PSYoungGen      total 613376K, used 292428K [0x00000000d5c00000, 0x00000000ffd80000, 0x0000000100000000)
  eden space 587264K, 45% used [0x00000000d5c00000,0x00000000e60644a8,0x00000000f9980000)
  from space 26112K, 98% used [0x00000000f9980000,0x00000000fb2aec60,0x00000000fb300000)
  to   space 50688K, 0% used [0x00000000fcc00000,0x00000000fcc00000,0x00000000ffd80000)
 ParOldGen       total 136704K, used 71788K [0x0000000081400000, 0x0000000089980000, 0x00000000d5c00000)
  object space 136704K, 52% used [0x0000000081400000,0x0000000085a1b118,0x0000000089980000)
 Metaspace       used 16849K, capacity 17026K, committed 17152K, reserved 1064960K
  class space    used 1899K, capacity 1959K, committed 2048K, reserved 1048576K

Card table byte_map: [0x0000000011810000,0x0000000011c10000] byte_map_base: 0x0000000011406000

Marking Bits: (ParMarkBitMap*) 0x000000006ec0a5b0
 Begin Bits: [0x00000000126c0000, 0x0000000014670000)
 End Bits:   [0x0000000014670000, 0x0000000016620000)

Polling page: 0x00000000020c0000

CodeCache: size=245760Kb used=13030Kb max_used=13117Kb free=232729Kb
 bounds [0x0000000002450000, 0x0000000003200000, 0x0000000011450000]
 total_blobs=3925 nmethods=3358 adapters=479
 compilation: enabled

Compilation events (10 events):
Event: 1479.009 Thread 0x00000000194df000 nmethod 4461 0x0000000002958c50 code [0x0000000002959040, 0x000000000295a2a8]
Event: 1479.015 Thread 0x00000000194e8800 nmethod 4467 0x00000000027ca190 code [0x00000000027ca3e0, 0x00000000027cad30]
Event: 1547.591 Thread 0x00000000194e8800 4468       4       org.jfree.chart.block.FlowArrangement::arrange (191 bytes)
Event: 1547.591 Thread 0x00000000194d8000 4469       4       org.jfree.chart.block.FlowArrangement::arrangeRR (48 bytes)
Event: 1547.591 Thread 0x00000000194df000 4470       4       org.jfree.chart.title.LegendTitle::draw (205 bytes)
Event: 1547.643 Thread 0x00000000194d8000 nmethod 4469 0x0000000002617cd0 code [0x0000000002617ea0, 0x0000000002618688]
Event: 1547.653 Thread 0x00000000194e8800 nmethod 4468 0x00000000027d7e90 code [0x00000000027d8080, 0x00000000027d8908]
Event: 1547.689 Thread 0x00000000194df000 nmethod 4470 0x000000000267d150 code [0x000000000267d3e0, 0x000000000267e9c0]
Event: 1557.221 Thread 0x00000000194d8000 4471       4       java.lang.Integer::getChars (131 bytes)
Event: 1557.227 Thread 0x00000000194d8000 nmethod 4471 0x00000000027c9c50 code [0x00000000027c9da0, 0x00000000027c9fb8]

GC Heap History (10 events):
Event: 1577.818 GC heap before
{Heap before GC invocations=578 (full 11):
 PSYoungGen      total 633856K, used 582656K [0x00000000d5c00000, 0x0000000100000000, 0x0000000100000000)
  eden space 582656K, 100% used [0x00000000d5c00000,0x00000000f9500000,0x00000000f9500000)
  from space 51200K, 0% used [0x00000000fcb00000,0x00000000fcb00000,0x00000000ffd00000)
  to   space 54784K, 0% used [0x00000000f9500000,0x00000000f9500000,0x00000000fca80000)
 ParOldGen       total 136704K, used 66958K [0x0000000081400000, 0x0000000089980000, 0x00000000d5c00000)
  object space 136704K, 48% used [0x0000000081400000,0x0000000085563bb8,0x0000000089980000)
 Metaspace       used 16849K, capacity 17026K, committed 17152K, reserved 1064960K
  class space    used 1899K, capacity 1959K, committed 2048K, reserved 1048576K
Event: 1577.964 GC heap after
Heap after GC invocations=578 (full 11):
 PSYoungGen      total 637440K, used 34408K [0x00000000d5c00000, 0x0000000100000000, 0x0000000100000000)
  eden space 582656K, 0% used [0x00000000d5c00000,0x00000000d5c00000,0x00000000f9500000)
  from space 54784K, 62% used [0x00000000f9500000,0x00000000fb69a0e8,0x00000000fca80000)
  to   space 53760K, 0% used [0x00000000fcb80000,0x00000000fcb80000,0x0000000100000000)
 ParOldGen       total 136704K, used 66958K [0x0000000081400000, 0x0000000089980000, 0x00000000d5c00000)
  object space 136704K, 48% used [0x0000000081400000,0x0000000085563bb8,0x0000000089980000)
 Metaspace       used 16849K, capacity 17026K, committed 17152K, reserved 1064960K
  class space    used 1899K, capacity 1959K, committed 2048K, reserved 1048576K
}
Event: 1580.710 GC heap before
{Heap before GC invocations=579 (full 11):
 PSYoungGen      total 637440K, used 617064K [0x00000000d5c00000, 0x0000000100000000, 0x0000000100000000)
  eden space 582656K, 100% used [0x00000000d5c00000,0x00000000f9500000,0x00000000f9500000)
  from space 54784K, 62% used [0x00000000f9500000,0x00000000fb69a0e8,0x00000000fca80000)
  to   space 53760K, 0% used [0x00000000fcb80000,0x00000000fcb80000,0x0000000100000000)
 ParOldGen       total 136704K, used 66958K [0x0000000081400000, 0x0000000089980000, 0x00000000d5c00000)
  object space 136704K, 48% used [0x0000000081400000,0x0000000085563bb8,0x0000000089980000)
 Metaspace       used 16849K, capacity 17026K, committed 17152K, reserved 1064960K
  class space    used 1899K, capacity 1959K, committed 2048K, reserved 1048576K
Event: 1580.832 GC heap after
Heap after GC invocations=579 (full 11):
 PSYoungGen      total 634368K, used 24396K [0x00000000d5c00000, 0x00000000ffd00000, 0x0000000100000000)
  eden space 583680K, 0% used [0x00000000d5c00000,0x00000000d5c00000,0x00000000f9600000)
  from space 50688K, 48% used [0x00000000fcb80000,0x00000000fe353300,0x00000000ffd00000)
  to   space 52736K, 0% used [0x00000000f9600000,0x00000000f9600000,0x00000000fc980000)
 ParOldGen       total 136704K, used 68916K [0x0000000081400000, 0x0000000089980000, 0x00000000d5c00000)
  object space 136704K, 50% used [0x0000000081400000,0x000000008574d118,0x0000000089980000)
 Metaspace       used 16849K, capacity 17026K, committed 17152K, reserved 1064960K
  class space    used 1899K, capacity 1959K, committed 2048K, reserved 1048576K
}
Event: 1583.513 GC heap before
{Heap before GC invocations=580 (full 11):
 PSYoungGen      total 634368K, used 608076K [0x00000000d5c00000, 0x00000000ffd00000, 0x0000000100000000)
  eden space 583680K, 100% used [0x00000000d5c00000,0x00000000f9600000,0x00000000f9600000)
  from space 50688K, 48% used [0x00000000fcb80000,0x00000000fe353300,0x00000000ffd00000)
  to   space 52736K, 0% used [0x00000000f9600000,0x00000000f9600000,0x00000000fc980000)
 ParOldGen       total 136704K, used 68916K [0x0000000081400000, 0x0000000089980000, 0x00000000d5c00000)
  object space 136704K, 50% used [0x0000000081400000,0x000000008574d118,0x0000000089980000)
 Metaspace       used 16849K, capacity 17026K, committed 17152K, reserved 1064960K
  class space    used 1899K, capacity 1959K, committed 2048K, reserved 1048576K
Event: 1583.642 GC heap after
Heap after GC invocations=580 (full 11):
 PSYoungGen      total 636416K, used 34945K [0x00000000d5c00000, 0x0000000100000000, 0x0000000100000000)
  eden space 583680K, 0% used [0x00000000d5c00000,0x00000000d5c00000,0x00000000f9600000)
  from space 52736K, 66% used [0x00000000f9600000,0x00000000fb820778,0x00000000fc980000)
  to   space 52224K, 0% used [0x00000000fcd00000,0x00000000fcd00000,0x0000000100000000)
 ParOldGen       total 136704K, used 69964K [0x0000000081400000, 0x0000000089980000, 0x00000000d5c00000)
  object space 136704K, 51% used [0x0000000081400000,0x0000000085853118,0x0000000089980000)
 Metaspace       used 16849K, capacity 17026K, committed 17152K, reserved 1064960K
  class space    used 1899K, capacity 1959K, committed 2048K, reserved 1048576K
}
Event: 1586.352 GC heap before
{Heap before GC invocations=581 (full 11):
 PSYoungGen      total 636416K, used 618625K [0x00000000d5c00000, 0x0000000100000000, 0x0000000100000000)
  eden space 583680K, 100% used [0x00000000d5c00000,0x00000000f9600000,0x00000000f9600000)
  from space 52736K, 66% used [0x00000000f9600000,0x00000000fb820778,0x00000000fc980000)
  to   space 52224K, 0% used [0x00000000fcd00000,0x00000000fcd00000,0x0000000100000000)
 ParOldGen       total 136704K, used 69964K [0x0000000081400000, 0x0000000089980000, 0x00000000d5c00000)
  object space 136704K, 51% used [0x0000000081400000,0x0000000085853118,0x0000000089980000)
 Metaspace       used 16849K, capacity 17026K, committed 17152K, reserved 1064960K
  class space    used 1899K, capacity 1959K, committed 2048K, reserved 1048576K
Event: 1586.493 GC heap after
Heap after GC invocations=581 (full 11):
 PSYoungGen      total 638976K, used 36426K [0x00000000d5c00000, 0x00000000fff80000, 0x0000000100000000)
  eden space 587264K, 0% used [0x00000000d5c00000,0x00000000d5c00000,0x00000000f9980000)
  from space 51712K, 70% used [0x00000000fcd00000,0x00000000ff0929a0,0x00000000fff80000)
  to   space 52224K, 0% used [0x00000000f9980000,0x00000000f9980000,0x00000000fcc80000)
 ParOldGen       total 136704K, used 70876K [0x0000000081400000, 0x0000000089980000, 0x00000000d5c00000)
  object space 136704K, 51% used [0x0000000081400000,0x0000000085937118,0x0000000089980000)
 Metaspace       used 16849K, capacity 17026K, committed 17152K, reserved 1064960K
  class space    used 1899K, capacity 1959K, committed 2048K, reserved 1048576K
}
Event: 1589.257 GC heap before
{Heap before GC invocations=582 (full 11):
 PSYoungGen      total 638976K, used 622255K [0x00000000d5c00000, 0x00000000fff80000, 0x0000000100000000)
  eden space 587264K, 99% used [0x00000000d5c00000,0x00000000f98193e8,0x00000000f9980000)
  from space 51712K, 70% used [0x00000000fcd00000,0x00000000ff0929a0,0x00000000fff80000)
  to   space 52224K, 0% used [0x00000000f9980000,0x00000000f9980000,0x00000000fcc80000)
 ParOldGen       total 136704K, used 70876K [0x0000000081400000, 0x0000000089980000, 0x00000000d5c00000)
  object space 136704K, 51% used [0x0000000081400000,0x0000000085937118,0x0000000089980000)
 Metaspace       used 16849K, capacity 17026K, committed 17152K, reserved 1064960K
  class space    used 1899K, capacity 1959K, committed 2048K, reserved 1048576K
Event: 1589.364 GC heap after
Heap after GC invocations=582 (full 11):
 PSYoungGen      total 613376K, used 25787K [0x00000000d5c00000, 0x00000000ffd80000, 0x0000000100000000)
  eden space 587264K, 0% used [0x00000000d5c00000,0x00000000d5c00000,0x00000000f9980000)
  from space 26112K, 98% used [0x00000000f9980000,0x00000000fb2aec60,0x00000000fb300000)
  to   space 50688K, 0% used [0x00000000fcc00000,0x00000000fcc00000,0x00000000ffd80000)
 ParOldGen       total 136704K, used 71788K [0x0000000081400000, 0x0000000089980000, 0x00000000d5c00000)
  object space 136704K, 52% used [0x0000000081400000,0x0000000085a1b118,0x0000000089980000)
 Metaspace       used 16849K, capacity 17026K, committed 17152K, reserved 1064960K
  class space    used 1899K, capacity 1959K, committed 2048K, reserved 1048576K
}

Deoptimization events (10 events):
Event: 372.698 Thread 0x000000001a319000 Uncommon trap: reason=bimorphic action=maybe_recompile pc=0x0000000002b932d8 method=javax.swing.JComponent.rectangleIsObscured(IIII)Z @ 89
Event: 536.751 Thread 0x000000001a319000 Uncommon trap: reason=unstable_if action=reinterpret pc=0x00000000029c28a4 method=org.jfree.chart.util.LineUtilities.clipLine(Ljava/awt/geom/Line2D;Ljava/awt/geom/Rectangle2D;)Z @ 305
Event: 672.809 Thread 0x000000001a319000 Uncommon trap: reason=unstable_if action=reinterpret pc=0x0000000002e0f814 method=sun.java2d.pipe.Region.clipBoxToBounds([I)V @ 58
Event: 677.281 Thread 0x000000001c46b800 Uncommon trap: reason=unstable_if action=reinterpret pc=0x0000000002a5d2b4 method=com.digi.xbee.api.packet.XBeePacketParser.readByteFrom(Ljava/io/InputStream;I)I @ 38
Event: 738.466 Thread 0x000000001c3e4000 Uncommon trap: reason=class_check action=maybe_recompile pc=0x0000000002f5d990 method=java.awt.EventQueue.coalesceEvent(Ljava/awt/AWTEvent;I)Z @ 32
Event: 1004.596 Thread 0x000000001a319000 Uncommon trap: reason=unstable_if action=reinterpret pc=0x0000000002c51468 method=java.text.DecimalFormat.subformat(Ljava/lang/StringBuffer;Ljava/text/Format$FieldDelegate;ZZIIII)Ljava/lang/StringBuffer; @ 887
Event: 1590.482 Thread 0x000000001a319000 Uncommon trap: reason=bimorphic action=maybe_recompile pc=0x0000000002feb3f0 method=java.awt.EventQueue.dispatchEventImpl(Ljava/awt/AWTEvent;Ljava/lang/Object;)V @ 21
Event: 1590.484 Thread 0x000000001a319000 Uncommon trap: reason=null_check action=make_not_entrant pc=0x0000000002d10d70 method=java.awt.DefaultKeyboardFocusManager.dispatchEvent(Ljava/awt/AWTEvent;)Z @ 472
Event: 1590.650 Thread 0x000000001a319000 Uncommon trap: reason=unstable_if action=reinterpret pc=0x0000000002cb9364 method=java.util.LinkedList.node(I)Ljava/util/LinkedList$Node; @ 7
Event: 1590.651 Thread 0x000000001a319000 Uncommon trap: reason=unstable_if action=reinterpret pc=0x0000000003118bb4 method=java.awt.Component.dispatchEventImpl(Ljava/awt/AWTEvent;)V @ 405

Internal exceptions (10 events):
Event: 0.567 Thread 0x0000000002352800 Exception <a 'java/lang/NoSuchFieldError': method resolution failed> (0x00000000d5ece6c8) thrown at [C:\re\workspace\8-2-build-windows-amd64-cygwin\jdk8u66\5298\hotspot\src\share\vm\prims\methodHandles.cpp, line 1146]
Event: 0.572 Thread 0x0000000002352800 Exception <a 'java/lang/NoSuchFieldError': method resolution failed> (0x00000000d5edba98) thrown at [C:\re\workspace\8-2-build-windows-amd64-cygwin\jdk8u66\5298\hotspot\src\share\vm\prims\methodHandles.cpp, line 1146]
Event: 0.701 Thread 0x0000000002352800 Exception <a 'java/io/FileNotFoundException'> (0x00000000d5f9d8a0) thrown at [C:\re\workspace\8-2-build-windows-amd64-cygwin\jdk8u66\5298\hotspot\src\share\vm\prims\jni.cpp, line 709]
Event: 1.294 Thread 0x0000000002352800 Exception <a 'java/io/FileNotFoundException'> (0x00000000d6219b88) thrown at [C:\re\workspace\8-2-build-windows-amd64-cygwin\jdk8u66\5298\hotspot\src\share\vm\prims\jni.cpp, line 709]
Event: 1.436 Thread 0x0000000002352800 Exception <a 'java/io/FileNotFoundException'> (0x00000000d6230230) thrown at [C:\re\workspace\8-2-build-windows-amd64-cygwin\jdk8u66\5298\hotspot\src\share\vm\prims\jni.cpp, line 709]
Event: 1.438 Thread 0x0000000002352800 Exception <a 'java/io/FileNotFoundException'> (0x00000000d6240410) thrown at [C:\re\workspace\8-2-build-windows-amd64-cygwin\jdk8u66\5298\hotspot\src\share\vm\prims\jni.cpp, line 709]
Event: 1.577 Thread 0x0000000002352800 Exception <a 'java/io/FileNotFoundException'> (0x00000000d6256588) thrown at [C:\re\workspace\8-2-build-windows-amd64-cygwin\jdk8u66\5298\hotspot\src\share\vm\prims\jni.cpp, line 709]
Event: 3.736 Thread 0x000000001a319000 Implicit null exception at 0x000000000277411a to 0x00000000027741a1
Event: 26.350 Thread 0x000000001c5cc800 Implicit null exception at 0x0000000002c144a1 to 0x0000000002c14d2d
Event: 1590.484 Thread 0x000000001a319000 Implicit null exception at 0x0000000002d0fd4c to 0x0000000002d10d5d

Events (10 events):
Event: 1590.484 Thread 0x000000001a319000 Uncommon trap: trap_request=0xfffffff4 fr.pc=0x0000000002d10d70
Event: 1590.484 Thread 0x000000001a319000 DEOPT PACKING pc=0x0000000002d10d70 sp=0x000000001b78b700
Event: 1590.484 Thread 0x000000001a319000 DEOPT UNPACKING pc=0x000000000249582a sp=0x000000001b78b6e0 mode 2
Event: 1590.650 Thread 0x000000001a319000 Uncommon trap: trap_request=0xffffff65 fr.pc=0x0000000002cb9364
Event: 1590.651 Thread 0x000000001a319000 DEOPT PACKING pc=0x0000000002cb9364 sp=0x000000001b78cdf0
Event: 1590.651 Thread 0x000000001a319000 DEOPT UNPACKING pc=0x000000000249582a sp=0x000000001b78cd10 mode 2
Event: 1590.651 Thread 0x000000001a319000 Uncommon trap: trap_request=0xffffff65 fr.pc=0x0000000003118bb4
Event: 1590.651 Thread 0x000000001a319000 DEOPT PACKING pc=0x0000000003118bb4 sp=0x000000001b78cdc0
Event: 1590.651 Thread 0x000000001a319000 DEOPT UNPACKING pc=0x000000000249582a sp=0x000000001b78cdb0 mode 2
Event: 1590.652 Thread 0x000000001c776000 Thread exited: 0x000000001c776000


Dynamic libraries:
0x00007ff663400000 - 0x00007ff663437000 	C:\Program Files\Java\jre1.8.0_66\bin\javaw.exe
0x00007ff80c7d0000 - 0x00007ff80c991000 	C:\WINDOWS\SYSTEM32\ntdll.dll
0x00007ff80b790000 - 0x00007ff80b83d000 	C:\WINDOWS\system32\KERNEL32.DLL
0x00007ff8090b0000 - 0x00007ff809298000 	C:\WINDOWS\system32\KERNELBASE.dll
0x00007ff80b6e0000 - 0x00007ff80b787000 	C:\WINDOWS\system32\ADVAPI32.dll
0x00007ff80bdb0000 - 0x00007ff80be4d000 	C:\WINDOWS\system32\msvcrt.dll
0x00007ff80c630000 - 0x00007ff80c68b000 	C:\WINDOWS\system32\sechost.dll
0x00007ff80b840000 - 0x00007ff80b95c000 	C:\WINDOWS\system32\RPCRT4.dll
0x00007ff80b9d0000 - 0x00007ff80bb26000 	C:\WINDOWS\system32\USER32.dll
0x00007ff80bb30000 - 0x00007ff80bcb6000 	C:\WINDOWS\system32\GDI32.dll
0x00007ff8041c0000 - 0x00007ff804434000 	C:\WINDOWS\WinSxS\amd64_microsoft.windows.common-controls_6595b64144ccf1df_6.0.10586.0_none_8c15ae12515e1c22\COMCTL32.dll
0x00007ff809d20000 - 0x00007ff809f9d000 	C:\WINDOWS\system32\combase.dll
0x00007ff808e80000 - 0x00007ff808eea000 	C:\WINDOWS\system32\bcryptPrimitives.dll
0x00007ff80bd70000 - 0x00007ff80bdab000 	C:\WINDOWS\system32\IMM32.DLL
0x000000006e320000 - 0x000000006e3f2000 	C:\Program Files\Java\jre1.8.0_66\bin\msvcr100.dll
0x000000006e400000 - 0x000000006ec89000 	C:\Program Files\Java\jre1.8.0_66\bin\server\jvm.dll
0x00007ff80beb0000 - 0x00007ff80beb8000 	C:\WINDOWS\system32\PSAPI.DLL
0x00007ff8072a0000 - 0x00007ff8072c3000 	C:\WINDOWS\SYSTEM32\WINMM.dll
0x00007ff804bb0000 - 0x00007ff804bb9000 	C:\WINDOWS\SYSTEM32\WSOCK32.dll
0x00007ff808180000 - 0x00007ff80818a000 	C:\WINDOWS\SYSTEM32\VERSION.dll
0x00007ff80b960000 - 0x00007ff80b9cb000 	C:\WINDOWS\system32\WS2_32.dll
0x00007ff807210000 - 0x00007ff80723c000 	C:\WINDOWS\SYSTEM32\WINMMBASE.dll
0x00007ff809060000 - 0x00007ff8090a3000 	C:\WINDOWS\system32\cfgmgr32.dll
0x000000006fdc0000 - 0x000000006fdcf000 	C:\Program Files\Java\jre1.8.0_66\bin\verify.dll
0x000000006fd90000 - 0x000000006fdb9000 	C:\Program Files\Java\jre1.8.0_66\bin\java.dll
0x000000006fc70000 - 0x000000006fc86000 	C:\Program Files\Java\jre1.8.0_66\bin\zip.dll
0x00007ff80a150000 - 0x00007ff80b6ac000 	C:\WINDOWS\system32\SHELL32.dll
0x00007ff8092a0000 - 0x00007ff8098e5000 	C:\WINDOWS\system32\windows.storage.dll
0x00007ff80c140000 - 0x00007ff80c192000 	C:\WINDOWS\system32\shlwapi.dll
0x00007ff808e60000 - 0x00007ff808e6f000 	C:\WINDOWS\system32\kernel.appcore.dll
0x00007ff808f80000 - 0x00007ff809035000 	C:\WINDOWS\system32\shcore.dll
0x00007ff808e10000 - 0x00007ff808e5b000 	C:\WINDOWS\system32\powrprof.dll
0x00007ff808df0000 - 0x00007ff808e04000 	C:\WINDOWS\system32\profapi.dll
0x000000006e180000 - 0x000000006e318000 	C:\Program Files\Java\jre1.8.0_66\bin\awt.dll
0x00007ff80c690000 - 0x00007ff80c751000 	C:\WINDOWS\system32\OLEAUT32.dll
0x00007ff807360000 - 0x00007ff8073d9000 	C:\WINDOWS\system32\apphelp.dll
0x00007ff804010000 - 0x00007ff804032000 	C:\WINDOWS\system32\DWMAPI.DLL
0x00007ff8075d0000 - 0x00007ff807666000 	C:\WINDOWS\system32\uxtheme.dll
0x00007ff80bfe0000 - 0x00007ff80c13a000 	C:\WINDOWS\system32\MSCTF.dll
0x00007ff809bd0000 - 0x00007ff809d13000 	C:\WINDOWS\system32\ole32.dll
0x000000006fb50000 - 0x000000006fb97000 	C:\Program Files\Java\jre1.8.0_66\bin\fontmanager.dll
0x000000006fc50000 - 0x000000006fc6a000 	C:\Program Files\Java\jre1.8.0_66\bin\net.dll
0x00007ff8086c0000 - 0x00007ff80871c000 	C:\WINDOWS\system32\mswsock.dll
0x000000006fc30000 - 0x000000006fc41000 	C:\Program Files\Java\jre1.8.0_66\bin\nio.dll
0x000000006e130000 - 0x000000006e172000 	C:\Program Files\Java\jre1.8.0_66\bin\t2k.dll
0x0000000180000000 - 0x0000000180025000 	C:\Users\Ian\Documents\Eclipse\GS\libs\native\Windows\win64\rxtxSerial.dll
0x00007ff80bcc0000 - 0x00007ff80bd67000 	C:\WINDOWS\system32\clbcatq.dll
0x00007ffffec80000 - 0x00007ffffee31000 	C:\WINDOWS\SYSTEM32\WindowsCodecs.dll
0x00007ff800820000 - 0x00007ff80086a000 	C:\WINDOWS\system32\dataexchange.dll
0x00007ff807010000 - 0x00007ff8070f3000 	C:\WINDOWS\system32\dcomp.dll
0x00007fffffb70000 - 0x00007fffffe18000 	C:\WINDOWS\system32\d3d11.dll
0x00007ff803e40000 - 0x00007ff803ee2000 	C:\WINDOWS\system32\dxgi.dll
0x00007ff807690000 - 0x00007ff807790000 	C:\WINDOWS\system32\twinapi.appcore.dll
0x00007ff808d20000 - 0x00007ff808d49000 	C:\WINDOWS\system32\bcrypt.dll
0x000000006e100000 - 0x000000006e12a000 	C:\Program Files\Java\jre1.8.0_66\bin\dcpr.dll
0x00007ff801c10000 - 0x00007ff801d9c000 	C:\WINDOWS\SYSTEM32\dbghelp.dll

VM Arguments:
jvm_args: -Djava.library.path=C:\Users\Ian\Documents\Eclipse\GS\libs\native\Windows\win64;C:\Users\Ian\Documents\Eclipse\GS\libs\native\Windows\win64 -Dfile.encoding=Cp1252 
java_command: gui.GroundStationMain
java_class_path (initial): C:\Users\Ian\Documents\Eclipse\GS\bin;C:\Users\Ian\Documents\Eclipse\GS\libs\slf4j-api-1.7.12.jar;C:\Users\Ian\Documents\Eclipse\GS\libs\slf4j-nop-1.7.12.jar;C:\Users\Ian\Documents\Eclipse\GS\libs\xbjlib-1.1.0.jar;C:\Users\Ian\Documents\Eclipse\GS\libs\jcommon-1.0.23.jar;C:\Users\Ian\Documents\Eclipse\GS\libs\jfreechart-1.0.19.jar;C:\Users\Ian\Documents\Eclipse\GS\libs\rxtx-2.2.jar
Launcher Type: SUN_STANDARD

Environment Variables:
PATH=C:/Program Files/Java/jre1.8.0_66/bin/server;C:/Program Files/Java/jre1.8.0_66/bin;C:/Program Files/Java/jre1.8.0_66/lib/amd64;C:\ProgramData\Oracle\Java\javapath;C:\Program Files (x86)\Intel\iCLS Client\;C:\Program Files\Intel\iCLS Client\;C:\WINDOWS\system32;C:\WINDOWS;C:\WINDOWS\System32\Wbem;C:\WINDOWS\System32\WindowsPowerShell\v1.0\;C:\Program Files\Intel\Intel(R) Management Engine Components\DAL;C:\Program Files\Intel\Intel(R) Management Engine Components\IPT;C:\Program Files (x86)\Intel\Intel(R) Management Engine Components\DAL;C:\Program Files (x86)\Intel\Intel(R) Management Engine Components\IPT;C:\Program Files\Intel\WiFi\bin\;C:\Program Files\Common Files\Intel\WirelessCommon\;D:\Program Files\MATLAB\R2015b\runtime\win64;D:\Program Files\MATLAB\R2015b\bin;C:\Program Files\Microsoft SQL Server\110\Tools\Binn\;C:\Program Files\Microsoft SQL Server\120\Tools\Binn\;C:\Program Files\Common Files\Autodesk Shared\;C:\Users\Ian\.dnx\bin;C:\Program Files\Microsoft DNX\Dnvm\;C:\Program Files (x86)\Skype\Phone\;C:\Program Files (x86)\NVIDIA Corporation\PhysX\Common;C:\WINDOWS\system32;C:\WINDOWS;C:\WINDOWS\System32\Wbem;C:\WINDOWS\System32\WindowsPowerShell\v1.0\;C:\Program Files (x86)\GtkSharp\2.12\bin;C:\Program Files (x86)\Windows Kits\10\Windows Performance Toolkit\;C:\Program Files (x86)\MiKTeX 2.9\miktex\bin\;C:\Program Files\Intel\WiFi\bin\;C:\Program Files\Common Files\Intel\WirelessCommon\;D:\Program Files\Android\sdk\platform-tools;C:\Users\Ian\AppData\Local\atom\bin;C:\WINDOWS\System32;
USERNAME=Ian
OS=Windows_NT
PROCESSOR_IDENTIFIER=Intel64 Family 6 Model 60 Stepping 3, GenuineIntel



---------------  S Y S T E M  ---------------

OS: Windows 10.0 , 64 bit Build 10586 (10.0.10586.0)

CPU:total 8 (4 cores per cpu, 2 threads per core) family 6 model 60 stepping 3, cmov, cx8, fxsr, mmx, sse, sse2, sse3, ssse3, sse4.1, sse4.2, popcnt, avx, avx2, aes, clmul, erms, lzcnt, ht, tsc, tscinvbit, bmi1, bmi2

Memory: 4k page, physical 8298776k(4042268k free), swap 9609496k(4376768k free)

vm_info: Java HotSpot(TM) 64-Bit Server VM (25.66-b18) for windows-amd64 JRE (1.8.0_66-b18), built on Nov  9 2015 10:51:13 by "java_re" with MS VC++ 10.0 (VS2010)

time: Sun Feb 21 13:21:02 2016
elapsed time: 1590 seconds (0d 0h 26m 30s)

